<?xml version="1.0" encoding="UTF-8"?>
<testng-results skipped="0" failed="0" ignored="0" total="1" passed="1">
  <reporter-output>
  </reporter-output>
  <suite name="JenkinsTestSuite" duration-ms="53" started-at="2018-04-04T16:06:05Z" finished-at="2018-04-04T16:06:05Z">
    <groups>
    </groups>
    <test name="JenkinsTest" duration-ms="53" started-at="2018-04-04T16:06:05Z" finished-at="2018-04-04T16:06:05Z">
      <class name="jenkinsSeleniumIntegration.JenkinsSeleniumIntegrationTest">
        <test-method status="PASS" signature="JenkinsSeleniumIntegrationMethod()[pri:0, instance:jenkinsSeleniumIntegration.JenkinsSeleniumIntegrationTest@604ed9f0]" name="JenkinsSeleniumIntegrationMethod" duration-ms="9" started-at="2018-04-04T16:06:05Z" finished-at="2018-04-04T16:06:05Z">
          <reporter-output>
          </reporter-output>
        </test-method> <!-- JenkinsSeleniumIntegrationMethod -->
      </class> <!-- jenkinsSeleniumIntegration.JenkinsSeleniumIntegrationTest -->
    </test> <!-- JenkinsTest -->
  </suite> <!-- JenkinsTestSuite -->
</testng-results>
