<?xml version="1.0" encoding="UTF-8"?>
<!-- Generated by org.testng.reporters.JUnitXMLReporter -->
<testsuite hostname="Dell" ignored="4" name="Test Grouping" tests="6" failures="0" timestamp="27 Feb 2018 17:51:19 GMT" time="0.084" errors="0">
  <testcase name="f2" time="0.016" classname="testNGLearning.TestGrouping"/>
  <testcase name="f5" time="0.003" classname="testNGLearning.TestGrouping"/>
  <testcase name="m1" time="0.003" classname="testNGLearning.TestGroupingNew"/>
  <testcase name="m2" time="0.002" classname="testNGLearning.TestGroupingNew"/>
  <testcase name="m3" time="0.001" classname="testNGLearning.TestGroupingNew"/>
  <testcase name="m4" time="0.002" classname="testNGLearning.TestGroupingNew"/>
  <testcase name="f6" time="0.0" classname="testNGLearning.TestGrouping">
    <ignored/>
  </testcase> <!-- f6 -->
  <testcase name="f3" time="0.0" classname="testNGLearning.TestGrouping">
    <ignored/>
  </testcase> <!-- f3 -->
  <testcase name="f1" time="0.0" classname="testNGLearning.TestGrouping">
    <ignored/>
  </testcase> <!-- f1 -->
  <testcase name="f4" time="0.0" classname="testNGLearning.TestGrouping">
    <ignored/>
  </testcase> <!-- f4 -->
</testsuite> <!-- Test Grouping -->
